[0.017s] Invoking command in '/home/jd/ros2_ws_gazebo/build/down_camera_bot': CMAKE_PREFIX_PATH=${CMAKE_PREFIX_PATH}:/opt/ros/jazzy DEBUGINFOD_URLS=https://debuginfod.ubuntu.com /usr/bin/cmake /home/jd/ros2_ws_gazebo/src/down_camera_bot -DCMAKE_INSTALL_PREFIX=/home/jd/ros2_ws_gazebo/install/down_camera_bot
[0.238s] -- The C compiler identification is GNU 13.3.0
[0.382s] -- The CXX compiler identification is GNU 13.3.0
[0.423s] -- Detecting C compiler ABI info
[0.576s] -- Detecting C compiler ABI info - done
[0.584s] -- Check for working C compiler: /usr/bin/cc - skipped
[0.584s] -- Detecting C compile features
[0.585s] -- Detecting C compile features - done
[0.604s] -- Detecting CXX compiler ABI info
[0.759s] -- Detecting CXX compiler ABI info - done
[0.785s] -- Check for working CXX compiler: /usr/bin/c++ - skipped
[0.786s] -- Detecting CXX compile features
[0.787s] -- Detecting CXX compile features - done
[0.802s] -- Found ament_cmake: 2.5.5 (/opt/ros/jazzy/share/ament_cmake/cmake)
[0.997s] -- Found Python3: /usr/bin/python3 (found version "3.12.3") found components: Interpreter 
[1.181s] -- Found rclcpp: 28.1.16 (/opt/ros/jazzy/share/rclcpp/cmake)
[1.240s] -- Found rosidl_generator_c: 4.6.7 (/opt/ros/jazzy/share/rosidl_generator_c/cmake)
[1.258s] -- Found rosidl_generator_cpp: 4.6.7 (/opt/ros/jazzy/share/rosidl_generator_cpp/cmake)
[1.279s] -- Using all available rosidl_typesupport_c: rosidl_typesupport_fastrtps_c;rosidl_typesupport_introspection_c
[1.302s] -- Using all available rosidl_typesupport_cpp: rosidl_typesupport_fastrtps_cpp;rosidl_typesupport_introspection_cpp
[1.395s] -- Found rmw_implementation_cmake: 7.3.3 (/opt/ros/jazzy/share/rmw_implementation_cmake/cmake)
[1.400s] -- Found rmw_fastrtps_cpp: 8.4.3 (/opt/ros/jazzy/share/rmw_fastrtps_cpp/cmake)
[1.545s] -- Found OpenSSL: /usr/lib/x86_64-linux-gnu/libcrypto.so (found version "3.0.13")  
[1.568s] -- Found FastRTPS: /opt/ros/jazzy/include (Required is at least version "2.13") 
[1.596s] -- Using RMW implementation 'rmw_fastrtps_cpp' as default
[1.681s] -- Found ament_lint_auto: 0.17.4 (/opt/ros/jazzy/share/ament_lint_auto/cmake)
[1.812s] -- Added test 'flake8' to check Python code syntax and style conventions
[1.812s] -- Configured 'flake8' exclude dirs and/or files: 
[1.813s] -- Added test 'lint_cmake' to check CMake code style
[1.814s] -- Added test 'pep257' to check Python code against some of the docstring style conventions in PEP 257
[1.815s] -- Added test 'xmllint' to check XML markup files
[1.818s] -- Configuring done (1.7s)
[1.823s] -- Generating done (0.0s)
[1.826s] -- Build files have been written to: /home/jd/ros2_ws_gazebo/build/down_camera_bot
[1.840s] Invoked command in '/home/jd/ros2_ws_gazebo/build/down_camera_bot' returned '0': CMAKE_PREFIX_PATH=${CMAKE_PREFIX_PATH}:/opt/ros/jazzy DEBUGINFOD_URLS=https://debuginfod.ubuntu.com /usr/bin/cmake /home/jd/ros2_ws_gazebo/src/down_camera_bot -DCMAKE_INSTALL_PREFIX=/home/jd/ros2_ws_gazebo/install/down_camera_bot
[1.842s] Invoking command in '/home/jd/ros2_ws_gazebo/build/down_camera_bot': CMAKE_PREFIX_PATH=${CMAKE_PREFIX_PATH}:/opt/ros/jazzy DEBUGINFOD_URLS=https://debuginfod.ubuntu.com /usr/bin/cmake --build /home/jd/ros2_ws_gazebo/build/down_camera_bot -- -j16 -l16
[1.913s] Invoked command in '/home/jd/ros2_ws_gazebo/build/down_camera_bot' returned '0': CMAKE_PREFIX_PATH=${CMAKE_PREFIX_PATH}:/opt/ros/jazzy DEBUGINFOD_URLS=https://debuginfod.ubuntu.com /usr/bin/cmake --build /home/jd/ros2_ws_gazebo/build/down_camera_bot -- -j16 -l16
[1.938s] Invoking command in '/home/jd/ros2_ws_gazebo/build/down_camera_bot': CMAKE_PREFIX_PATH=${CMAKE_PREFIX_PATH}:/opt/ros/jazzy DEBUGINFOD_URLS=https://debuginfod.ubuntu.com /usr/bin/cmake --install /home/jd/ros2_ws_gazebo/build/down_camera_bot
[1.950s] -- Install configuration: ""
[1.950s] -- Installing: /home/jd/ros2_ws_gazebo/install/down_camera_bot/share/down_camera_bot/launch
[1.951s] -- Installing: /home/jd/ros2_ws_gazebo/install/down_camera_bot/share/down_camera_bot/launch/spawn.launch.py
[1.951s] -- Installing: /home/jd/ros2_ws_gazebo/install/down_camera_bot/share/down_camera_bot/urdf
[1.951s] -- Installing: /home/jd/ros2_ws_gazebo/install/down_camera_bot/share/down_camera_bot/urdf/cubo_camara.urdf
[1.952s] -- Installing: /home/jd/ros2_ws_gazebo/install/down_camera_bot/share/down_camera_bot/worlds
[1.952s] -- Installing: /home/jd/ros2_ws_gazebo/install/down_camera_bot/share/down_camera_bot/worlds/camera.sdf
[1.952s] -- Installing: /home/jd/ros2_ws_gazebo/install/down_camera_bot/share/ament_index/resource_index/package_run_dependencies/down_camera_bot
[1.953s] -- Installing: /home/jd/ros2_ws_gazebo/install/down_camera_bot/share/ament_index/resource_index/parent_prefix_path/down_camera_bot
[1.953s] -- Installing: /home/jd/ros2_ws_gazebo/install/down_camera_bot/share/down_camera_bot/environment/ament_prefix_path.sh
[1.953s] -- Installing: /home/jd/ros2_ws_gazebo/install/down_camera_bot/share/down_camera_bot/environment/ament_prefix_path.dsv
[1.953s] -- Installing: /home/jd/ros2_ws_gazebo/install/down_camera_bot/share/down_camera_bot/environment/path.sh
[1.954s] -- Installing: /home/jd/ros2_ws_gazebo/install/down_camera_bot/share/down_camera_bot/environment/path.dsv
[1.954s] -- Installing: /home/jd/ros2_ws_gazebo/install/down_camera_bot/share/down_camera_bot/local_setup.bash
[1.954s] -- Installing: /home/jd/ros2_ws_gazebo/install/down_camera_bot/share/down_camera_bot/local_setup.sh
[1.955s] -- Installing: /home/jd/ros2_ws_gazebo/install/down_camera_bot/share/down_camera_bot/local_setup.zsh
[1.955s] -- Installing: /home/jd/ros2_ws_gazebo/install/down_camera_bot/share/down_camera_bot/local_setup.dsv
[1.955s] -- Installing: /home/jd/ros2_ws_gazebo/install/down_camera_bot/share/down_camera_bot/package.dsv
[1.956s] -- Installing: /home/jd/ros2_ws_gazebo/install/down_camera_bot/share/ament_index/resource_index/packages/down_camera_bot
[1.956s] -- Installing: /home/jd/ros2_ws_gazebo/install/down_camera_bot/share/down_camera_bot/cmake/down_camera_botConfig.cmake
[1.956s] -- Installing: /home/jd/ros2_ws_gazebo/install/down_camera_bot/share/down_camera_bot/cmake/down_camera_botConfig-version.cmake
[1.956s] -- Installing: /home/jd/ros2_ws_gazebo/install/down_camera_bot/share/down_camera_bot/package.xml
[1.958s] Invoked command in '/home/jd/ros2_ws_gazebo/build/down_camera_bot' returned '0': CMAKE_PREFIX_PATH=${CMAKE_PREFIX_PATH}:/opt/ros/jazzy DEBUGINFOD_URLS=https://debuginfod.ubuntu.com /usr/bin/cmake --install /home/jd/ros2_ws_gazebo/build/down_camera_bot
