[0.096s] DEBUG:colcon:Command line arguments: ['/usr/bin/colcon', 'build']
[0.096s] DEBUG:colcon:Parsed command line arguments: Namespace(log_base=None, log_level=None, verb_name='build', build_base='build', install_base='install', merge_install=False, symlink_install=False, test_result_base=None, continue_on_error=False, executor='parallel', parallel_workers=16, event_handlers=None, ignore_user_meta=False, metas=['./colcon.meta'], base_paths=['.'], packages_ignore=None, packages_ignore_regex=None, paths=None, packages_up_to=None, packages_up_to_regex=None, packages_above=None, packages_above_and_dependencies=None, packages_above_depth=None, packages_select_by_dep=None, packages_skip_by_dep=None, packages_skip_up_to=None, packages_select_build_failed=False, packages_skip_build_finished=False, packages_select_test_failures=False, packages_skip_test_passed=False, packages_select=None, packages_skip=None, packages_select_regex=None, packages_skip_regex=None, packages_start=None, packages_end=None, allow_overriding=[], cmake_args=None, cmake_target=None, cmake_target_skip_unavailable=False, cmake_clean_cache=False, cmake_clean_first=False, cmake_force_configure=False, ament_cmake_args=None, catkin_cmake_args=None, catkin_skip_building_tests=False, verb_parser=<colcon_defaults.argument_parser.defaults.DefaultArgumentsDecorator object at 0x7f31b7385eb0>, verb_extension=<colcon_core.verb.build.BuildVerb object at 0x7f31b74ae240>, main=<bound method BuildVerb.main of <colcon_core.verb.build.BuildVerb object at 0x7f31b74ae240>>)
[0.132s] Level 1:colcon.colcon_core.package_discovery:discover_packages(colcon_meta) check parameters
[0.133s] Level 1:colcon.colcon_core.package_discovery:discover_packages(recursive) check parameters
[0.133s] Level 1:colcon.colcon_core.package_discovery:discover_packages(ignore) check parameters
[0.133s] Level 1:colcon.colcon_core.package_discovery:discover_packages(path) check parameters
[0.133s] Level 1:colcon.colcon_core.package_discovery:discover_packages(colcon_meta) discover
[0.133s] Level 1:colcon.colcon_core.package_discovery:discover_packages(recursive) discover
[0.133s] INFO:colcon.colcon_core.package_discovery:Crawling recursively for packages in '/home/jd/ros2_ws_gazebo'
[0.133s] Level 1:colcon.colcon_core.package_identification:_identify(.) by extensions ['ignore', 'ignore_ament_install']
[0.133s] Level 1:colcon.colcon_core.package_identification:_identify(.) by extension 'ignore'
[0.133s] Level 1:colcon.colcon_core.package_identification:_identify(.) by extension 'ignore_ament_install'
[0.133s] Level 1:colcon.colcon_core.package_identification:_identify(.) by extensions ['colcon_pkg']
[0.133s] Level 1:colcon.colcon_core.package_identification:_identify(.) by extension 'colcon_pkg'
[0.133s] Level 1:colcon.colcon_core.package_identification:_identify(.) by extensions ['colcon_meta']
[0.133s] Level 1:colcon.colcon_core.package_identification:_identify(.) by extension 'colcon_meta'
[0.133s] Level 1:colcon.colcon_core.package_identification:_identify(.) by extensions ['ros']
[0.133s] Level 1:colcon.colcon_core.package_identification:_identify(.) by extension 'ros'
[0.157s] Level 1:colcon.colcon_core.package_identification:_identify(.) by extensions ['cmake', 'python']
[0.157s] Level 1:colcon.colcon_core.package_identification:_identify(.) by extension 'cmake'
[0.157s] Level 1:colcon.colcon_core.package_identification:_identify(.) by extension 'python'
[0.157s] Level 1:colcon.colcon_core.package_identification:_identify(.) by extensions ['python_setup_py']
[0.157s] Level 1:colcon.colcon_core.package_identification:_identify(.) by extension 'python_setup_py'
[0.157s] Level 1:colcon.colcon_core.package_identification:_identify(build) by extensions ['ignore', 'ignore_ament_install']
[0.157s] Level 1:colcon.colcon_core.package_identification:_identify(build) by extension 'ignore'
[0.157s] Level 1:colcon.colcon_core.package_identification:_identify(build) ignored
[0.157s] Level 1:colcon.colcon_core.package_identification:_identify(dataset_imagenes) by extensions ['ignore', 'ignore_ament_install']
[0.157s] Level 1:colcon.colcon_core.package_identification:_identify(dataset_imagenes) by extension 'ignore'
[0.157s] Level 1:colcon.colcon_core.package_identification:_identify(dataset_imagenes) by extension 'ignore_ament_install'
[0.157s] Level 1:colcon.colcon_core.package_identification:_identify(dataset_imagenes) by extensions ['colcon_pkg']
[0.157s] Level 1:colcon.colcon_core.package_identification:_identify(dataset_imagenes) by extension 'colcon_pkg'
[0.157s] Level 1:colcon.colcon_core.package_identification:_identify(dataset_imagenes) by extensions ['colcon_meta']
[0.157s] Level 1:colcon.colcon_core.package_identification:_identify(dataset_imagenes) by extension 'colcon_meta'
[0.157s] Level 1:colcon.colcon_core.package_identification:_identify(dataset_imagenes) by extensions ['ros']
[0.157s] Level 1:colcon.colcon_core.package_identification:_identify(dataset_imagenes) by extension 'ros'
[0.158s] Level 1:colcon.colcon_core.package_identification:_identify(dataset_imagenes) by extensions ['cmake', 'python']
[0.158s] Level 1:colcon.colcon_core.package_identification:_identify(dataset_imagenes) by extension 'cmake'
[0.158s] Level 1:colcon.colcon_core.package_identification:_identify(dataset_imagenes) by extension 'python'
[0.158s] Level 1:colcon.colcon_core.package_identification:_identify(dataset_imagenes) by extensions ['python_setup_py']
[0.158s] Level 1:colcon.colcon_core.package_identification:_identify(dataset_imagenes) by extension 'python_setup_py'
[0.158s] Level 1:colcon.colcon_core.package_identification:_identify(grabaciones) by extensions ['ignore', 'ignore_ament_install']
[0.158s] Level 1:colcon.colcon_core.package_identification:_identify(grabaciones) by extension 'ignore'
[0.158s] Level 1:colcon.colcon_core.package_identification:_identify(grabaciones) by extension 'ignore_ament_install'
[0.158s] Level 1:colcon.colcon_core.package_identification:_identify(grabaciones) by extensions ['colcon_pkg']
[0.158s] Level 1:colcon.colcon_core.package_identification:_identify(grabaciones) by extension 'colcon_pkg'
[0.158s] Level 1:colcon.colcon_core.package_identification:_identify(grabaciones) by extensions ['colcon_meta']
[0.158s] Level 1:colcon.colcon_core.package_identification:_identify(grabaciones) by extension 'colcon_meta'
[0.158s] Level 1:colcon.colcon_core.package_identification:_identify(grabaciones) by extensions ['ros']
[0.158s] Level 1:colcon.colcon_core.package_identification:_identify(grabaciones) by extension 'ros'
[0.158s] Level 1:colcon.colcon_core.package_identification:_identify(grabaciones) by extensions ['cmake', 'python']
[0.158s] Level 1:colcon.colcon_core.package_identification:_identify(grabaciones) by extension 'cmake'
[0.158s] Level 1:colcon.colcon_core.package_identification:_identify(grabaciones) by extension 'python'
[0.158s] Level 1:colcon.colcon_core.package_identification:_identify(grabaciones) by extensions ['python_setup_py']
[0.158s] Level 1:colcon.colcon_core.package_identification:_identify(grabaciones) by extension 'python_setup_py'
[0.158s] Level 1:colcon.colcon_core.package_identification:_identify(grabaciones/rosbag2_2026_02_26-20_03_12) by extensions ['ignore', 'ignore_ament_install']
[0.158s] Level 1:colcon.colcon_core.package_identification:_identify(grabaciones/rosbag2_2026_02_26-20_03_12) by extension 'ignore'
[0.158s] Level 1:colcon.colcon_core.package_identification:_identify(grabaciones/rosbag2_2026_02_26-20_03_12) by extension 'ignore_ament_install'
[0.159s] Level 1:colcon.colcon_core.package_identification:_identify(grabaciones/rosbag2_2026_02_26-20_03_12) by extensions ['colcon_pkg']
[0.159s] Level 1:colcon.colcon_core.package_identification:_identify(grabaciones/rosbag2_2026_02_26-20_03_12) by extension 'colcon_pkg'
[0.159s] Level 1:colcon.colcon_core.package_identification:_identify(grabaciones/rosbag2_2026_02_26-20_03_12) by extensions ['colcon_meta']
[0.159s] Level 1:colcon.colcon_core.package_identification:_identify(grabaciones/rosbag2_2026_02_26-20_03_12) by extension 'colcon_meta'
[0.159s] Level 1:colcon.colcon_core.package_identification:_identify(grabaciones/rosbag2_2026_02_26-20_03_12) by extensions ['ros']
[0.159s] Level 1:colcon.colcon_core.package_identification:_identify(grabaciones/rosbag2_2026_02_26-20_03_12) by extension 'ros'
[0.159s] Level 1:colcon.colcon_core.package_identification:_identify(grabaciones/rosbag2_2026_02_26-20_03_12) by extensions ['cmake', 'python']
[0.159s] Level 1:colcon.colcon_core.package_identification:_identify(grabaciones/rosbag2_2026_02_26-20_03_12) by extension 'cmake'
[0.159s] Level 1:colcon.colcon_core.package_identification:_identify(grabaciones/rosbag2_2026_02_26-20_03_12) by extension 'python'
[0.159s] Level 1:colcon.colcon_core.package_identification:_identify(grabaciones/rosbag2_2026_02_26-20_03_12) by extensions ['python_setup_py']
[0.159s] Level 1:colcon.colcon_core.package_identification:_identify(grabaciones/rosbag2_2026_02_26-20_03_12) by extension 'python_setup_py'
[0.159s] Level 1:colcon.colcon_core.package_identification:_identify(grabaciones/rosbag2_2026_02_26-20_16_57) by extensions ['ignore', 'ignore_ament_install']
[0.159s] Level 1:colcon.colcon_core.package_identification:_identify(grabaciones/rosbag2_2026_02_26-20_16_57) by extension 'ignore'
[0.159s] Level 1:colcon.colcon_core.package_identification:_identify(grabaciones/rosbag2_2026_02_26-20_16_57) by extension 'ignore_ament_install'
[0.159s] Level 1:colcon.colcon_core.package_identification:_identify(grabaciones/rosbag2_2026_02_26-20_16_57) by extensions ['colcon_pkg']
[0.159s] Level 1:colcon.colcon_core.package_identification:_identify(grabaciones/rosbag2_2026_02_26-20_16_57) by extension 'colcon_pkg'
[0.159s] Level 1:colcon.colcon_core.package_identification:_identify(grabaciones/rosbag2_2026_02_26-20_16_57) by extensions ['colcon_meta']
[0.159s] Level 1:colcon.colcon_core.package_identification:_identify(grabaciones/rosbag2_2026_02_26-20_16_57) by extension 'colcon_meta'
[0.159s] Level 1:colcon.colcon_core.package_identification:_identify(grabaciones/rosbag2_2026_02_26-20_16_57) by extensions ['ros']
[0.159s] Level 1:colcon.colcon_core.package_identification:_identify(grabaciones/rosbag2_2026_02_26-20_16_57) by extension 'ros'
[0.159s] Level 1:colcon.colcon_core.package_identification:_identify(grabaciones/rosbag2_2026_02_26-20_16_57) by extensions ['cmake', 'python']
[0.159s] Level 1:colcon.colcon_core.package_identification:_identify(grabaciones/rosbag2_2026_02_26-20_16_57) by extension 'cmake'
[0.159s] Level 1:colcon.colcon_core.package_identification:_identify(grabaciones/rosbag2_2026_02_26-20_16_57) by extension 'python'
[0.159s] Level 1:colcon.colcon_core.package_identification:_identify(grabaciones/rosbag2_2026_02_26-20_16_57) by extensions ['python_setup_py']
[0.159s] Level 1:colcon.colcon_core.package_identification:_identify(grabaciones/rosbag2_2026_02_26-20_16_57) by extension 'python_setup_py'
[0.160s] Level 1:colcon.colcon_core.package_identification:_identify(grabaciones/rosbag2_2026_02_26-20_33_25) by extensions ['ignore', 'ignore_ament_install']
[0.160s] Level 1:colcon.colcon_core.package_identification:_identify(grabaciones/rosbag2_2026_02_26-20_33_25) by extension 'ignore'
[0.160s] Level 1:colcon.colcon_core.package_identification:_identify(grabaciones/rosbag2_2026_02_26-20_33_25) by extension 'ignore_ament_install'
[0.160s] Level 1:colcon.colcon_core.package_identification:_identify(grabaciones/rosbag2_2026_02_26-20_33_25) by extensions ['colcon_pkg']
[0.160s] Level 1:colcon.colcon_core.package_identification:_identify(grabaciones/rosbag2_2026_02_26-20_33_25) by extension 'colcon_pkg'
[0.160s] Level 1:colcon.colcon_core.package_identification:_identify(grabaciones/rosbag2_2026_02_26-20_33_25) by extensions ['colcon_meta']
[0.160s] Level 1:colcon.colcon_core.package_identification:_identify(grabaciones/rosbag2_2026_02_26-20_33_25) by extension 'colcon_meta'
[0.160s] Level 1:colcon.colcon_core.package_identification:_identify(grabaciones/rosbag2_2026_02_26-20_33_25) by extensions ['ros']
[0.160s] Level 1:colcon.colcon_core.package_identification:_identify(grabaciones/rosbag2_2026_02_26-20_33_25) by extension 'ros'
[0.160s] Level 1:colcon.colcon_core.package_identification:_identify(grabaciones/rosbag2_2026_02_26-20_33_25) by extensions ['cmake', 'python']
[0.160s] Level 1:colcon.colcon_core.package_identification:_identify(grabaciones/rosbag2_2026_02_26-20_33_25) by extension 'cmake'
[0.160s] Level 1:colcon.colcon_core.package_identification:_identify(grabaciones/rosbag2_2026_02_26-20_33_25) by extension 'python'
[0.160s] Level 1:colcon.colcon_core.package_identification:_identify(grabaciones/rosbag2_2026_02_26-20_33_25) by extensions ['python_setup_py']
[0.160s] Level 1:colcon.colcon_core.package_identification:_identify(grabaciones/rosbag2_2026_02_26-20_33_25) by extension 'python_setup_py'
[0.160s] Level 1:colcon.colcon_core.package_identification:_identify(grabaciones/rosbag2_2026_02_26-20_45_22) by extensions ['ignore', 'ignore_ament_install']
[0.160s] Level 1:colcon.colcon_core.package_identification:_identify(grabaciones/rosbag2_2026_02_26-20_45_22) by extension 'ignore'
[0.160s] Level 1:colcon.colcon_core.package_identification:_identify(grabaciones/rosbag2_2026_02_26-20_45_22) by extension 'ignore_ament_install'
[0.160s] Level 1:colcon.colcon_core.package_identification:_identify(grabaciones/rosbag2_2026_02_26-20_45_22) by extensions ['colcon_pkg']
[0.160s] Level 1:colcon.colcon_core.package_identification:_identify(grabaciones/rosbag2_2026_02_26-20_45_22) by extension 'colcon_pkg'
[0.160s] Level 1:colcon.colcon_core.package_identification:_identify(grabaciones/rosbag2_2026_02_26-20_45_22) by extensions ['colcon_meta']
[0.160s] Level 1:colcon.colcon_core.package_identification:_identify(grabaciones/rosbag2_2026_02_26-20_45_22) by extension 'colcon_meta'
[0.160s] Level 1:colcon.colcon_core.package_identification:_identify(grabaciones/rosbag2_2026_02_26-20_45_22) by extensions ['ros']
[0.160s] Level 1:colcon.colcon_core.package_identification:_identify(grabaciones/rosbag2_2026_02_26-20_45_22) by extension 'ros'
[0.161s] Level 1:colcon.colcon_core.package_identification:_identify(grabaciones/rosbag2_2026_02_26-20_45_22) by extensions ['cmake', 'python']
[0.161s] Level 1:colcon.colcon_core.package_identification:_identify(grabaciones/rosbag2_2026_02_26-20_45_22) by extension 'cmake'
[0.161s] Level 1:colcon.colcon_core.package_identification:_identify(grabaciones/rosbag2_2026_02_26-20_45_22) by extension 'python'
[0.161s] Level 1:colcon.colcon_core.package_identification:_identify(grabaciones/rosbag2_2026_02_26-20_45_22) by extensions ['python_setup_py']
[0.161s] Level 1:colcon.colcon_core.package_identification:_identify(grabaciones/rosbag2_2026_02_26-20_45_22) by extension 'python_setup_py'
[0.161s] Level 1:colcon.colcon_core.package_identification:_identify(grabaciones/rosbag2_2026_02_26-20_48_10) by extensions ['ignore', 'ignore_ament_install']
[0.161s] Level 1:colcon.colcon_core.package_identification:_identify(grabaciones/rosbag2_2026_02_26-20_48_10) by extension 'ignore'
[0.161s] Level 1:colcon.colcon_core.package_identification:_identify(grabaciones/rosbag2_2026_02_26-20_48_10) by extension 'ignore_ament_install'
[0.161s] Level 1:colcon.colcon_core.package_identification:_identify(grabaciones/rosbag2_2026_02_26-20_48_10) by extensions ['colcon_pkg']
[0.161s] Level 1:colcon.colcon_core.package_identification:_identify(grabaciones/rosbag2_2026_02_26-20_48_10) by extension 'colcon_pkg'
[0.161s] Level 1:colcon.colcon_core.package_identification:_identify(grabaciones/rosbag2_2026_02_26-20_48_10) by extensions ['colcon_meta']
[0.161s] Level 1:colcon.colcon_core.package_identification:_identify(grabaciones/rosbag2_2026_02_26-20_48_10) by extension 'colcon_meta'
[0.161s] Level 1:colcon.colcon_core.package_identification:_identify(grabaciones/rosbag2_2026_02_26-20_48_10) by extensions ['ros']
[0.161s] Level 1:colcon.colcon_core.package_identification:_identify(grabaciones/rosbag2_2026_02_26-20_48_10) by extension 'ros'
[0.161s] Level 1:colcon.colcon_core.package_identification:_identify(grabaciones/rosbag2_2026_02_26-20_48_10) by extensions ['cmake', 'python']
[0.161s] Level 1:colcon.colcon_core.package_identification:_identify(grabaciones/rosbag2_2026_02_26-20_48_10) by extension 'cmake'
[0.161s] Level 1:colcon.colcon_core.package_identification:_identify(grabaciones/rosbag2_2026_02_26-20_48_10) by extension 'python'
[0.161s] Level 1:colcon.colcon_core.package_identification:_identify(grabaciones/rosbag2_2026_02_26-20_48_10) by extensions ['python_setup_py']
[0.161s] Level 1:colcon.colcon_core.package_identification:_identify(grabaciones/rosbag2_2026_02_26-20_48_10) by extension 'python_setup_py'
[0.161s] Level 1:colcon.colcon_core.package_identification:_identify(grabaciones/rosbag2_2026_02_27-10_46_18) by extensions ['ignore', 'ignore_ament_install']
[0.161s] Level 1:colcon.colcon_core.package_identification:_identify(grabaciones/rosbag2_2026_02_27-10_46_18) by extension 'ignore'
[0.161s] Level 1:colcon.colcon_core.package_identification:_identify(grabaciones/rosbag2_2026_02_27-10_46_18) by extension 'ignore_ament_install'
[0.162s] Level 1:colcon.colcon_core.package_identification:_identify(grabaciones/rosbag2_2026_02_27-10_46_18) by extensions ['colcon_pkg']
[0.162s] Level 1:colcon.colcon_core.package_identification:_identify(grabaciones/rosbag2_2026_02_27-10_46_18) by extension 'colcon_pkg'
[0.162s] Level 1:colcon.colcon_core.package_identification:_identify(grabaciones/rosbag2_2026_02_27-10_46_18) by extensions ['colcon_meta']
[0.162s] Level 1:colcon.colcon_core.package_identification:_identify(grabaciones/rosbag2_2026_02_27-10_46_18) by extension 'colcon_meta'
[0.162s] Level 1:colcon.colcon_core.package_identification:_identify(grabaciones/rosbag2_2026_02_27-10_46_18) by extensions ['ros']
[0.162s] Level 1:colcon.colcon_core.package_identification:_identify(grabaciones/rosbag2_2026_02_27-10_46_18) by extension 'ros'
[0.162s] Level 1:colcon.colcon_core.package_identification:_identify(grabaciones/rosbag2_2026_02_27-10_46_18) by extensions ['cmake', 'python']
[0.162s] Level 1:colcon.colcon_core.package_identification:_identify(grabaciones/rosbag2_2026_02_27-10_46_18) by extension 'cmake'
[0.162s] Level 1:colcon.colcon_core.package_identification:_identify(grabaciones/rosbag2_2026_02_27-10_46_18) by extension 'python'
[0.162s] Level 1:colcon.colcon_core.package_identification:_identify(grabaciones/rosbag2_2026_02_27-10_46_18) by extensions ['python_setup_py']
[0.162s] Level 1:colcon.colcon_core.package_identification:_identify(grabaciones/rosbag2_2026_02_27-10_46_18) by extension 'python_setup_py'
[0.162s] Level 1:colcon.colcon_core.package_identification:_identify(install) by extensions ['ignore', 'ignore_ament_install']
[0.162s] Level 1:colcon.colcon_core.package_identification:_identify(install) by extension 'ignore'
[0.162s] Level 1:colcon.colcon_core.package_identification:_identify(install) ignored
[0.162s] Level 1:colcon.colcon_core.package_identification:_identify(log) by extensions ['ignore', 'ignore_ament_install']
[0.162s] Level 1:colcon.colcon_core.package_identification:_identify(log) by extension 'ignore'
[0.162s] Level 1:colcon.colcon_core.package_identification:_identify(log) ignored
[0.162s] Level 1:colcon.colcon_core.package_identification:_identify(src) by extensions ['ignore', 'ignore_ament_install']
[0.162s] Level 1:colcon.colcon_core.package_identification:_identify(src) by extension 'ignore'
[0.162s] Level 1:colcon.colcon_core.package_identification:_identify(src) by extension 'ignore_ament_install'
[0.162s] Level 1:colcon.colcon_core.package_identification:_identify(src) by extensions ['colcon_pkg']
[0.163s] Level 1:colcon.colcon_core.package_identification:_identify(src) by extension 'colcon_pkg'
[0.163s] Level 1:colcon.colcon_core.package_identification:_identify(src) by extensions ['colcon_meta']
[0.163s] Level 1:colcon.colcon_core.package_identification:_identify(src) by extension 'colcon_meta'
[0.163s] Level 1:colcon.colcon_core.package_identification:_identify(src) by extensions ['ros']
[0.163s] Level 1:colcon.colcon_core.package_identification:_identify(src) by extension 'ros'
[0.163s] Level 1:colcon.colcon_core.package_identification:_identify(src) by extensions ['cmake', 'python']
[0.163s] Level 1:colcon.colcon_core.package_identification:_identify(src) by extension 'cmake'
[0.163s] Level 1:colcon.colcon_core.package_identification:_identify(src) by extension 'python'
[0.163s] Level 1:colcon.colcon_core.package_identification:_identify(src) by extensions ['python_setup_py']
[0.163s] Level 1:colcon.colcon_core.package_identification:_identify(src) by extension 'python_setup_py'
[0.163s] Level 1:colcon.colcon_core.package_identification:_identify(src/down_camera_bot) by extensions ['ignore', 'ignore_ament_install']
[0.163s] Level 1:colcon.colcon_core.package_identification:_identify(src/down_camera_bot) by extension 'ignore'
[0.163s] Level 1:colcon.colcon_core.package_identification:_identify(src/down_camera_bot) by extension 'ignore_ament_install'
[0.163s] Level 1:colcon.colcon_core.package_identification:_identify(src/down_camera_bot) by extensions ['colcon_pkg']
[0.163s] Level 1:colcon.colcon_core.package_identification:_identify(src/down_camera_bot) by extension 'colcon_pkg'
[0.163s] Level 1:colcon.colcon_core.package_identification:_identify(src/down_camera_bot) by extensions ['colcon_meta']
[0.163s] Level 1:colcon.colcon_core.package_identification:_identify(src/down_camera_bot) by extension 'colcon_meta'
[0.163s] Level 1:colcon.colcon_core.package_identification:_identify(src/down_camera_bot) by extensions ['ros']
[0.163s] Level 1:colcon.colcon_core.package_identification:_identify(src/down_camera_bot) by extension 'ros'
[0.166s] DEBUG:colcon.colcon_core.package_identification:Package 'src/down_camera_bot' with type 'ros.ament_cmake' and name 'down_camera_bot'
[0.166s] Level 1:colcon.colcon_core.package_discovery:discover_packages(recursive) using defaults
[0.166s] Level 1:colcon.colcon_core.package_discovery:discover_packages(ignore) discover
[0.166s] Level 1:colcon.colcon_core.package_discovery:discover_packages(ignore) using defaults
[0.166s] Level 1:colcon.colcon_core.package_discovery:discover_packages(path) discover
[0.166s] Level 1:colcon.colcon_core.package_discovery:discover_packages(path) using defaults
[0.182s] Level 1:colcon.colcon_core.package_discovery:discover_packages(prefix_path) check parameters
[0.182s] Level 1:colcon.colcon_core.package_discovery:discover_packages(prefix_path) discover
[0.184s] DEBUG:colcon.colcon_installed_package_information.package_discovery:Found 1 installed packages in /home/jd/ros2_ws_gazebo/install
[0.185s] DEBUG:colcon.colcon_installed_package_information.package_discovery:Found 317 installed packages in /opt/ros/jazzy
[0.186s] Level 1:colcon.colcon_core.package_discovery:discover_packages(prefix_path) using defaults
[0.224s] Level 5:colcon.colcon_core.verb:set package 'down_camera_bot' build argument 'cmake_args' from command line to 'None'
[0.224s] Level 5:colcon.colcon_core.verb:set package 'down_camera_bot' build argument 'cmake_target' from command line to 'None'
[0.224s] Level 5:colcon.colcon_core.verb:set package 'down_camera_bot' build argument 'cmake_target_skip_unavailable' from command line to 'False'
[0.224s] Level 5:colcon.colcon_core.verb:set package 'down_camera_bot' build argument 'cmake_clean_cache' from command line to 'False'
[0.224s] Level 5:colcon.colcon_core.verb:set package 'down_camera_bot' build argument 'cmake_clean_first' from command line to 'False'
[0.224s] Level 5:colcon.colcon_core.verb:set package 'down_camera_bot' build argument 'cmake_force_configure' from command line to 'False'
[0.224s] Level 5:colcon.colcon_core.verb:set package 'down_camera_bot' build argument 'ament_cmake_args' from command line to 'None'
[0.224s] Level 5:colcon.colcon_core.verb:set package 'down_camera_bot' build argument 'catkin_cmake_args' from command line to 'None'
[0.224s] Level 5:colcon.colcon_core.verb:set package 'down_camera_bot' build argument 'catkin_skip_building_tests' from command line to 'False'
[0.224s] DEBUG:colcon.colcon_core.verb:Building package 'down_camera_bot' with the following arguments: {'ament_cmake_args': None, 'build_base': '/home/jd/ros2_ws_gazebo/build/down_camera_bot', 'catkin_cmake_args': None, 'catkin_skip_building_tests': False, 'cmake_args': None, 'cmake_clean_cache': False, 'cmake_clean_first': False, 'cmake_force_configure': False, 'cmake_target': None, 'cmake_target_skip_unavailable': False, 'install_base': '/home/jd/ros2_ws_gazebo/install/down_camera_bot', 'merge_install': False, 'path': '/home/jd/ros2_ws_gazebo/src/down_camera_bot', 'symlink_install': False, 'test_result_base': None}
[0.225s] INFO:colcon.colcon_core.executor:Executing jobs using 'parallel' executor
[0.226s] DEBUG:colcon.colcon_parallel_executor.executor.parallel:run_until_complete
[0.226s] INFO:colcon.colcon_ros.task.ament_cmake.build:Building ROS package in '/home/jd/ros2_ws_gazebo/src/down_camera_bot' with build type 'ament_cmake'
[0.226s] INFO:colcon.colcon_cmake.task.cmake.build:Building CMake package in '/home/jd/ros2_ws_gazebo/src/down_camera_bot'
[0.228s] INFO:colcon.colcon_core.plugin_system:Skipping extension 'colcon_core.shell.bat': Not used on non-Windows systems
[0.228s] INFO:colcon.colcon_core.shell:Skip shell extension 'powershell' for command environment: Not usable outside of PowerShell
[0.228s] DEBUG:colcon.colcon_core.shell:Skip shell extension 'dsv' for command environment
[0.243s] DEBUG:colcon.colcon_core.event_handler.log_command:Invoking command in '/home/jd/ros2_ws_gazebo/build/down_camera_bot': CMAKE_PREFIX_PATH=${CMAKE_PREFIX_PATH}:/opt/ros/jazzy DEBUGINFOD_URLS=https://debuginfod.ubuntu.com /usr/bin/cmake --build /home/jd/ros2_ws_gazebo/build/down_camera_bot -- -j16 -l16
[0.310s] DEBUG:colcon.colcon_core.event_handler.log_command:Invoked command in '/home/jd/ros2_ws_gazebo/build/down_camera_bot' returned '0': CMAKE_PREFIX_PATH=${CMAKE_PREFIX_PATH}:/opt/ros/jazzy DEBUGINFOD_URLS=https://debuginfod.ubuntu.com /usr/bin/cmake --build /home/jd/ros2_ws_gazebo/build/down_camera_bot -- -j16 -l16
[0.337s] DEBUG:colcon.colcon_core.event_handler.log_command:Invoking command in '/home/jd/ros2_ws_gazebo/build/down_camera_bot': CMAKE_PREFIX_PATH=${CMAKE_PREFIX_PATH}:/opt/ros/jazzy DEBUGINFOD_URLS=https://debuginfod.ubuntu.com /usr/bin/cmake --install /home/jd/ros2_ws_gazebo/build/down_camera_bot
[0.352s] Level 1:colcon.colcon_core.environment:create_environment_scripts_only(down_camera_bot)
[0.353s] DEBUG:colcon.colcon_core.event_handler.log_command:Invoked command in '/home/jd/ros2_ws_gazebo/build/down_camera_bot' returned '0': CMAKE_PREFIX_PATH=${CMAKE_PREFIX_PATH}:/opt/ros/jazzy DEBUGINFOD_URLS=https://debuginfod.ubuntu.com /usr/bin/cmake --install /home/jd/ros2_ws_gazebo/build/down_camera_bot
[0.355s] Level 1:colcon.colcon_core.environment:checking '/home/jd/ros2_ws_gazebo/install/down_camera_bot' for CMake module files
[0.355s] Level 1:colcon.colcon_core.environment:checking '/home/jd/ros2_ws_gazebo/install/down_camera_bot' for CMake config files
[0.355s] Level 1:colcon.colcon_core.shell:create_environment_hook('down_camera_bot', 'cmake_prefix_path')
[0.355s] INFO:colcon.colcon_core.shell:Creating environment hook '/home/jd/ros2_ws_gazebo/install/down_camera_bot/share/down_camera_bot/hook/cmake_prefix_path.ps1'
[0.356s] INFO:colcon.colcon_core.shell:Creating environment descriptor '/home/jd/ros2_ws_gazebo/install/down_camera_bot/share/down_camera_bot/hook/cmake_prefix_path.dsv'
[0.356s] INFO:colcon.colcon_core.shell:Creating environment hook '/home/jd/ros2_ws_gazebo/install/down_camera_bot/share/down_camera_bot/hook/cmake_prefix_path.sh'
[0.357s] Level 1:colcon.colcon_core.environment:checking '/home/jd/ros2_ws_gazebo/install/down_camera_bot/bin'
[0.357s] Level 1:colcon.colcon_core.environment:checking '/home/jd/ros2_ws_gazebo/install/down_camera_bot/lib/pkgconfig/down_camera_bot.pc'
[0.357s] Level 1:colcon.colcon_core.environment:checking '/home/jd/ros2_ws_gazebo/install/down_camera_bot/lib/python3.12/site-packages'
[0.357s] Level 1:colcon.colcon_core.environment:checking '/home/jd/ros2_ws_gazebo/install/down_camera_bot/bin'
[0.357s] INFO:colcon.colcon_core.shell:Creating package script '/home/jd/ros2_ws_gazebo/install/down_camera_bot/share/down_camera_bot/package.ps1'
[0.358s] INFO:colcon.colcon_core.shell:Creating package descriptor '/home/jd/ros2_ws_gazebo/install/down_camera_bot/share/down_camera_bot/package.dsv'
[0.358s] INFO:colcon.colcon_core.shell:Creating package script '/home/jd/ros2_ws_gazebo/install/down_camera_bot/share/down_camera_bot/package.sh'
[0.359s] INFO:colcon.colcon_core.shell:Creating package script '/home/jd/ros2_ws_gazebo/install/down_camera_bot/share/down_camera_bot/package.bash'
[0.359s] INFO:colcon.colcon_core.shell:Creating package script '/home/jd/ros2_ws_gazebo/install/down_camera_bot/share/down_camera_bot/package.zsh'
[0.360s] Level 1:colcon.colcon_core.environment:create_file_with_runtime_dependencies(/home/jd/ros2_ws_gazebo/install/down_camera_bot/share/colcon-core/packages/down_camera_bot)
[0.360s] Level 1:colcon.colcon_core.environment:create_environment_scripts_only(down_camera_bot)
[0.360s] Level 1:colcon.colcon_core.environment:checking '/home/jd/ros2_ws_gazebo/install/down_camera_bot' for CMake module files
[0.361s] Level 1:colcon.colcon_core.environment:checking '/home/jd/ros2_ws_gazebo/install/down_camera_bot' for CMake config files
[0.361s] Level 1:colcon.colcon_core.shell:create_environment_hook('down_camera_bot', 'cmake_prefix_path')
[0.361s] INFO:colcon.colcon_core.shell:Creating environment hook '/home/jd/ros2_ws_gazebo/install/down_camera_bot/share/down_camera_bot/hook/cmake_prefix_path.ps1'
[0.361s] INFO:colcon.colcon_core.shell:Creating environment descriptor '/home/jd/ros2_ws_gazebo/install/down_camera_bot/share/down_camera_bot/hook/cmake_prefix_path.dsv'
[0.362s] INFO:colcon.colcon_core.shell:Creating environment hook '/home/jd/ros2_ws_gazebo/install/down_camera_bot/share/down_camera_bot/hook/cmake_prefix_path.sh'
[0.362s] Level 1:colcon.colcon_core.environment:checking '/home/jd/ros2_ws_gazebo/install/down_camera_bot/bin'
[0.362s] Level 1:colcon.colcon_core.environment:checking '/home/jd/ros2_ws_gazebo/install/down_camera_bot/lib/pkgconfig/down_camera_bot.pc'
[0.362s] Level 1:colcon.colcon_core.environment:checking '/home/jd/ros2_ws_gazebo/install/down_camera_bot/lib/python3.12/site-packages'
[0.362s] Level 1:colcon.colcon_core.environment:checking '/home/jd/ros2_ws_gazebo/install/down_camera_bot/bin'
[0.363s] INFO:colcon.colcon_core.shell:Creating package script '/home/jd/ros2_ws_gazebo/install/down_camera_bot/share/down_camera_bot/package.ps1'
[0.363s] INFO:colcon.colcon_core.shell:Creating package descriptor '/home/jd/ros2_ws_gazebo/install/down_camera_bot/share/down_camera_bot/package.dsv'
[0.363s] INFO:colcon.colcon_core.shell:Creating package script '/home/jd/ros2_ws_gazebo/install/down_camera_bot/share/down_camera_bot/package.sh'
[0.364s] INFO:colcon.colcon_core.shell:Creating package script '/home/jd/ros2_ws_gazebo/install/down_camera_bot/share/down_camera_bot/package.bash'
[0.364s] INFO:colcon.colcon_core.shell:Creating package script '/home/jd/ros2_ws_gazebo/install/down_camera_bot/share/down_camera_bot/package.zsh'
[0.365s] Level 1:colcon.colcon_core.environment:create_file_with_runtime_dependencies(/home/jd/ros2_ws_gazebo/install/down_camera_bot/share/colcon-core/packages/down_camera_bot)
[0.365s] DEBUG:colcon.colcon_parallel_executor.executor.parallel:closing loop
[0.365s] DEBUG:colcon.colcon_parallel_executor.executor.parallel:loop closed
[0.365s] DEBUG:colcon.colcon_parallel_executor.executor.parallel:run_until_complete finished with '0'
[0.365s] DEBUG:colcon.colcon_core.event_reactor:joining thread
[0.379s] INFO:colcon.colcon_core.plugin_system:Skipping extension 'colcon_notification.desktop_notification.terminal_notifier': Not used on non-Darwin systems
[0.380s] INFO:colcon.colcon_core.plugin_system:Skipping extension 'colcon_notification.desktop_notification.win32': Not used on non-Windows systems
[0.380s] INFO:colcon.colcon_notification.desktop_notification:Sending desktop notification using 'notify2'
[0.401s] DEBUG:colcon.colcon_core.event_reactor:joined thread
[0.401s] INFO:colcon.colcon_core.shell:Creating prefix script '/home/jd/ros2_ws_gazebo/install/local_setup.ps1'
[0.403s] INFO:colcon.colcon_core.shell:Creating prefix util module '/home/jd/ros2_ws_gazebo/install/_local_setup_util_ps1.py'
[0.405s] INFO:colcon.colcon_core.shell:Creating prefix chain script '/home/jd/ros2_ws_gazebo/install/setup.ps1'
[0.407s] INFO:colcon.colcon_core.shell:Creating prefix script '/home/jd/ros2_ws_gazebo/install/local_setup.sh'
[0.408s] INFO:colcon.colcon_core.shell:Creating prefix util module '/home/jd/ros2_ws_gazebo/install/_local_setup_util_sh.py'
[0.410s] INFO:colcon.colcon_core.shell:Creating prefix chain script '/home/jd/ros2_ws_gazebo/install/setup.sh'
[0.412s] INFO:colcon.colcon_core.shell:Creating prefix script '/home/jd/ros2_ws_gazebo/install/local_setup.bash'
[0.413s] INFO:colcon.colcon_core.shell:Creating prefix chain script '/home/jd/ros2_ws_gazebo/install/setup.bash'
[0.415s] INFO:colcon.colcon_core.shell:Creating prefix script '/home/jd/ros2_ws_gazebo/install/local_setup.zsh'
[0.416s] INFO:colcon.colcon_core.shell:Creating prefix chain script '/home/jd/ros2_ws_gazebo/install/setup.zsh'
