[0.089s] DEBUG:colcon:Command line arguments: ['/usr/bin/colcon', 'build', '--packages-select', 'down_camera_bot']
[0.089s] DEBUG:colcon:Parsed command line arguments: Namespace(log_base=None, log_level=None, verb_name='build', build_base='build', install_base='install', merge_install=False, symlink_install=False, test_result_base=None, continue_on_error=False, executor='parallel', parallel_workers=16, event_handlers=None, ignore_user_meta=False, metas=['./colcon.meta'], base_paths=['.'], packages_ignore=None, packages_ignore_regex=None, paths=None, packages_up_to=None, packages_up_to_regex=None, packages_above=None, packages_above_and_dependencies=None, packages_above_depth=None, packages_select_by_dep=None, packages_skip_by_dep=None, packages_skip_up_to=None, packages_select_build_failed=False, packages_skip_build_finished=False, packages_select_test_failures=False, packages_skip_test_passed=False, packages_select=['down_camera_bot'], packages_skip=None, packages_select_regex=None, packages_skip_regex=None, packages_start=None, packages_end=None, allow_overriding=[], cmake_args=None, cmake_target=None, cmake_target_skip_unavailable=False, cmake_clean_cache=False, cmake_clean_first=False, cmake_force_configure=False, ament_cmake_args=None, catkin_cmake_args=None, catkin_skip_building_tests=False, verb_parser=<colcon_defaults.argument_parser.defaults.DefaultArgumentsDecorator object at 0x7565ed785970>, verb_extension=<colcon_core.verb.build.BuildVerb object at 0x7565ed8b1f70>, main=<bound method BuildVerb.main of <colcon_core.verb.build.BuildVerb object at 0x7565ed8b1f70>>)
[0.128s] Level 1:colcon.colcon_core.package_discovery:discover_packages(colcon_meta) check parameters
[0.129s] Level 1:colcon.colcon_core.package_discovery:discover_packages(recursive) check parameters
[0.129s] Level 1:colcon.colcon_core.package_discovery:discover_packages(ignore) check parameters
[0.129s] Level 1:colcon.colcon_core.package_discovery:discover_packages(path) check parameters
[0.129s] Level 1:colcon.colcon_core.package_discovery:discover_packages(colcon_meta) discover
[0.129s] Level 1:colcon.colcon_core.package_discovery:discover_packages(recursive) discover
[0.129s] INFO:colcon.colcon_core.package_discovery:Crawling recursively for packages in '/home/jd/ros2_ws_gazebo'
[0.129s] Level 1:colcon.colcon_core.package_identification:_identify(.) by extensions ['ignore', 'ignore_ament_install']
[0.129s] Level 1:colcon.colcon_core.package_identification:_identify(.) by extension 'ignore'
[0.129s] Level 1:colcon.colcon_core.package_identification:_identify(.) by extension 'ignore_ament_install'
[0.129s] Level 1:colcon.colcon_core.package_identification:_identify(.) by extensions ['colcon_pkg']
[0.129s] Level 1:colcon.colcon_core.package_identification:_identify(.) by extension 'colcon_pkg'
[0.129s] Level 1:colcon.colcon_core.package_identification:_identify(.) by extensions ['colcon_meta']
[0.129s] Level 1:colcon.colcon_core.package_identification:_identify(.) by extension 'colcon_meta'
[0.129s] Level 1:colcon.colcon_core.package_identification:_identify(.) by extensions ['ros']
[0.129s] Level 1:colcon.colcon_core.package_identification:_identify(.) by extension 'ros'
[0.151s] Level 1:colcon.colcon_core.package_identification:_identify(.) by extensions ['cmake', 'python']
[0.151s] Level 1:colcon.colcon_core.package_identification:_identify(.) by extension 'cmake'
[0.151s] Level 1:colcon.colcon_core.package_identification:_identify(.) by extension 'python'
[0.151s] Level 1:colcon.colcon_core.package_identification:_identify(.) by extensions ['python_setup_py']
[0.151s] Level 1:colcon.colcon_core.package_identification:_identify(.) by extension 'python_setup_py'
[0.151s] Level 1:colcon.colcon_core.package_identification:_identify(build) by extensions ['ignore', 'ignore_ament_install']
[0.151s] Level 1:colcon.colcon_core.package_identification:_identify(build) by extension 'ignore'
[0.151s] Level 1:colcon.colcon_core.package_identification:_identify(build) ignored
[0.152s] Level 1:colcon.colcon_core.package_identification:_identify(dataset_imagenes) by extensions ['ignore', 'ignore_ament_install']
[0.152s] Level 1:colcon.colcon_core.package_identification:_identify(dataset_imagenes) by extension 'ignore'
[0.152s] Level 1:colcon.colcon_core.package_identification:_identify(dataset_imagenes) by extension 'ignore_ament_install'
[0.152s] Level 1:colcon.colcon_core.package_identification:_identify(dataset_imagenes) by extensions ['colcon_pkg']
[0.152s] Level 1:colcon.colcon_core.package_identification:_identify(dataset_imagenes) by extension 'colcon_pkg'
[0.152s] Level 1:colcon.colcon_core.package_identification:_identify(dataset_imagenes) by extensions ['colcon_meta']
[0.152s] Level 1:colcon.colcon_core.package_identification:_identify(dataset_imagenes) by extension 'colcon_meta'
[0.152s] Level 1:colcon.colcon_core.package_identification:_identify(dataset_imagenes) by extensions ['ros']
[0.152s] Level 1:colcon.colcon_core.package_identification:_identify(dataset_imagenes) by extension 'ros'
[0.152s] Level 1:colcon.colcon_core.package_identification:_identify(dataset_imagenes) by extensions ['cmake', 'python']
[0.152s] Level 1:colcon.colcon_core.package_identification:_identify(dataset_imagenes) by extension 'cmake'
[0.152s] Level 1:colcon.colcon_core.package_identification:_identify(dataset_imagenes) by extension 'python'
[0.152s] Level 1:colcon.colcon_core.package_identification:_identify(dataset_imagenes) by extensions ['python_setup_py']
[0.152s] Level 1:colcon.colcon_core.package_identification:_identify(dataset_imagenes) by extension 'python_setup_py'
[0.152s] Level 1:colcon.colcon_core.package_identification:_identify(grabaciones) by extensions ['ignore', 'ignore_ament_install']
[0.152s] Level 1:colcon.colcon_core.package_identification:_identify(grabaciones) by extension 'ignore'
[0.153s] Level 1:colcon.colcon_core.package_identification:_identify(grabaciones) by extension 'ignore_ament_install'
[0.153s] Level 1:colcon.colcon_core.package_identification:_identify(grabaciones) by extensions ['colcon_pkg']
[0.153s] Level 1:colcon.colcon_core.package_identification:_identify(grabaciones) by extension 'colcon_pkg'
[0.153s] Level 1:colcon.colcon_core.package_identification:_identify(grabaciones) by extensions ['colcon_meta']
[0.153s] Level 1:colcon.colcon_core.package_identification:_identify(grabaciones) by extension 'colcon_meta'
[0.153s] Level 1:colcon.colcon_core.package_identification:_identify(grabaciones) by extensions ['ros']
[0.153s] Level 1:colcon.colcon_core.package_identification:_identify(grabaciones) by extension 'ros'
[0.153s] Level 1:colcon.colcon_core.package_identification:_identify(grabaciones) by extensions ['cmake', 'python']
[0.153s] Level 1:colcon.colcon_core.package_identification:_identify(grabaciones) by extension 'cmake'
[0.153s] Level 1:colcon.colcon_core.package_identification:_identify(grabaciones) by extension 'python'
[0.153s] Level 1:colcon.colcon_core.package_identification:_identify(grabaciones) by extensions ['python_setup_py']
[0.153s] Level 1:colcon.colcon_core.package_identification:_identify(grabaciones) by extension 'python_setup_py'
[0.153s] Level 1:colcon.colcon_core.package_identification:_identify(grabaciones/rosbag2_2026_02_26-20_03_12) by extensions ['ignore', 'ignore_ament_install']
[0.153s] Level 1:colcon.colcon_core.package_identification:_identify(grabaciones/rosbag2_2026_02_26-20_03_12) by extension 'ignore'
[0.153s] Level 1:colcon.colcon_core.package_identification:_identify(grabaciones/rosbag2_2026_02_26-20_03_12) by extension 'ignore_ament_install'
[0.153s] Level 1:colcon.colcon_core.package_identification:_identify(grabaciones/rosbag2_2026_02_26-20_03_12) by extensions ['colcon_pkg']
[0.153s] Level 1:colcon.colcon_core.package_identification:_identify(grabaciones/rosbag2_2026_02_26-20_03_12) by extension 'colcon_pkg'
[0.153s] Level 1:colcon.colcon_core.package_identification:_identify(grabaciones/rosbag2_2026_02_26-20_03_12) by extensions ['colcon_meta']
[0.153s] Level 1:colcon.colcon_core.package_identification:_identify(grabaciones/rosbag2_2026_02_26-20_03_12) by extension 'colcon_meta'
[0.153s] Level 1:colcon.colcon_core.package_identification:_identify(grabaciones/rosbag2_2026_02_26-20_03_12) by extensions ['ros']
[0.153s] Level 1:colcon.colcon_core.package_identification:_identify(grabaciones/rosbag2_2026_02_26-20_03_12) by extension 'ros'
[0.153s] Level 1:colcon.colcon_core.package_identification:_identify(grabaciones/rosbag2_2026_02_26-20_03_12) by extensions ['cmake', 'python']
[0.153s] Level 1:colcon.colcon_core.package_identification:_identify(grabaciones/rosbag2_2026_02_26-20_03_12) by extension 'cmake'
[0.153s] Level 1:colcon.colcon_core.package_identification:_identify(grabaciones/rosbag2_2026_02_26-20_03_12) by extension 'python'
[0.153s] Level 1:colcon.colcon_core.package_identification:_identify(grabaciones/rosbag2_2026_02_26-20_03_12) by extensions ['python_setup_py']
[0.154s] Level 1:colcon.colcon_core.package_identification:_identify(grabaciones/rosbag2_2026_02_26-20_03_12) by extension 'python_setup_py'
[0.154s] Level 1:colcon.colcon_core.package_identification:_identify(grabaciones/rosbag2_2026_02_26-20_16_57) by extensions ['ignore', 'ignore_ament_install']
[0.154s] Level 1:colcon.colcon_core.package_identification:_identify(grabaciones/rosbag2_2026_02_26-20_16_57) by extension 'ignore'
[0.154s] Level 1:colcon.colcon_core.package_identification:_identify(grabaciones/rosbag2_2026_02_26-20_16_57) by extension 'ignore_ament_install'
[0.154s] Level 1:colcon.colcon_core.package_identification:_identify(grabaciones/rosbag2_2026_02_26-20_16_57) by extensions ['colcon_pkg']
[0.154s] Level 1:colcon.colcon_core.package_identification:_identify(grabaciones/rosbag2_2026_02_26-20_16_57) by extension 'colcon_pkg'
[0.154s] Level 1:colcon.colcon_core.package_identification:_identify(grabaciones/rosbag2_2026_02_26-20_16_57) by extensions ['colcon_meta']
[0.154s] Level 1:colcon.colcon_core.package_identification:_identify(grabaciones/rosbag2_2026_02_26-20_16_57) by extension 'colcon_meta'
[0.154s] Level 1:colcon.colcon_core.package_identification:_identify(grabaciones/rosbag2_2026_02_26-20_16_57) by extensions ['ros']
[0.154s] Level 1:colcon.colcon_core.package_identification:_identify(grabaciones/rosbag2_2026_02_26-20_16_57) by extension 'ros'
[0.154s] Level 1:colcon.colcon_core.package_identification:_identify(grabaciones/rosbag2_2026_02_26-20_16_57) by extensions ['cmake', 'python']
[0.154s] Level 1:colcon.colcon_core.package_identification:_identify(grabaciones/rosbag2_2026_02_26-20_16_57) by extension 'cmake'
[0.154s] Level 1:colcon.colcon_core.package_identification:_identify(grabaciones/rosbag2_2026_02_26-20_16_57) by extension 'python'
[0.154s] Level 1:colcon.colcon_core.package_identification:_identify(grabaciones/rosbag2_2026_02_26-20_16_57) by extensions ['python_setup_py']
[0.154s] Level 1:colcon.colcon_core.package_identification:_identify(grabaciones/rosbag2_2026_02_26-20_16_57) by extension 'python_setup_py'
[0.154s] Level 1:colcon.colcon_core.package_identification:_identify(grabaciones/rosbag2_2026_02_26-20_33_25) by extensions ['ignore', 'ignore_ament_install']
[0.154s] Level 1:colcon.colcon_core.package_identification:_identify(grabaciones/rosbag2_2026_02_26-20_33_25) by extension 'ignore'
[0.154s] Level 1:colcon.colcon_core.package_identification:_identify(grabaciones/rosbag2_2026_02_26-20_33_25) by extension 'ignore_ament_install'
[0.154s] Level 1:colcon.colcon_core.package_identification:_identify(grabaciones/rosbag2_2026_02_26-20_33_25) by extensions ['colcon_pkg']
[0.154s] Level 1:colcon.colcon_core.package_identification:_identify(grabaciones/rosbag2_2026_02_26-20_33_25) by extension 'colcon_pkg'
[0.154s] Level 1:colcon.colcon_core.package_identification:_identify(grabaciones/rosbag2_2026_02_26-20_33_25) by extensions ['colcon_meta']
[0.154s] Level 1:colcon.colcon_core.package_identification:_identify(grabaciones/rosbag2_2026_02_26-20_33_25) by extension 'colcon_meta'
[0.154s] Level 1:colcon.colcon_core.package_identification:_identify(grabaciones/rosbag2_2026_02_26-20_33_25) by extensions ['ros']
[0.154s] Level 1:colcon.colcon_core.package_identification:_identify(grabaciones/rosbag2_2026_02_26-20_33_25) by extension 'ros'
[0.155s] Level 1:colcon.colcon_core.package_identification:_identify(grabaciones/rosbag2_2026_02_26-20_33_25) by extensions ['cmake', 'python']
[0.155s] Level 1:colcon.colcon_core.package_identification:_identify(grabaciones/rosbag2_2026_02_26-20_33_25) by extension 'cmake'
[0.155s] Level 1:colcon.colcon_core.package_identification:_identify(grabaciones/rosbag2_2026_02_26-20_33_25) by extension 'python'
[0.155s] Level 1:colcon.colcon_core.package_identification:_identify(grabaciones/rosbag2_2026_02_26-20_33_25) by extensions ['python_setup_py']
[0.155s] Level 1:colcon.colcon_core.package_identification:_identify(grabaciones/rosbag2_2026_02_26-20_33_25) by extension 'python_setup_py'
[0.155s] Level 1:colcon.colcon_core.package_identification:_identify(grabaciones/rosbag2_2026_02_26-20_45_22) by extensions ['ignore', 'ignore_ament_install']
[0.155s] Level 1:colcon.colcon_core.package_identification:_identify(grabaciones/rosbag2_2026_02_26-20_45_22) by extension 'ignore'
[0.155s] Level 1:colcon.colcon_core.package_identification:_identify(grabaciones/rosbag2_2026_02_26-20_45_22) by extension 'ignore_ament_install'
[0.155s] Level 1:colcon.colcon_core.package_identification:_identify(grabaciones/rosbag2_2026_02_26-20_45_22) by extensions ['colcon_pkg']
[0.155s] Level 1:colcon.colcon_core.package_identification:_identify(grabaciones/rosbag2_2026_02_26-20_45_22) by extension 'colcon_pkg'
[0.155s] Level 1:colcon.colcon_core.package_identification:_identify(grabaciones/rosbag2_2026_02_26-20_45_22) by extensions ['colcon_meta']
[0.155s] Level 1:colcon.colcon_core.package_identification:_identify(grabaciones/rosbag2_2026_02_26-20_45_22) by extension 'colcon_meta'
[0.155s] Level 1:colcon.colcon_core.package_identification:_identify(grabaciones/rosbag2_2026_02_26-20_45_22) by extensions ['ros']
[0.155s] Level 1:colcon.colcon_core.package_identification:_identify(grabaciones/rosbag2_2026_02_26-20_45_22) by extension 'ros'
[0.155s] Level 1:colcon.colcon_core.package_identification:_identify(grabaciones/rosbag2_2026_02_26-20_45_22) by extensions ['cmake', 'python']
[0.155s] Level 1:colcon.colcon_core.package_identification:_identify(grabaciones/rosbag2_2026_02_26-20_45_22) by extension 'cmake'
[0.155s] Level 1:colcon.colcon_core.package_identification:_identify(grabaciones/rosbag2_2026_02_26-20_45_22) by extension 'python'
[0.155s] Level 1:colcon.colcon_core.package_identification:_identify(grabaciones/rosbag2_2026_02_26-20_45_22) by extensions ['python_setup_py']
[0.155s] Level 1:colcon.colcon_core.package_identification:_identify(grabaciones/rosbag2_2026_02_26-20_45_22) by extension 'python_setup_py'
[0.155s] Level 1:colcon.colcon_core.package_identification:_identify(grabaciones/rosbag2_2026_02_26-20_48_10) by extensions ['ignore', 'ignore_ament_install']
[0.155s] Level 1:colcon.colcon_core.package_identification:_identify(grabaciones/rosbag2_2026_02_26-20_48_10) by extension 'ignore'
[0.155s] Level 1:colcon.colcon_core.package_identification:_identify(grabaciones/rosbag2_2026_02_26-20_48_10) by extension 'ignore_ament_install'
[0.155s] Level 1:colcon.colcon_core.package_identification:_identify(grabaciones/rosbag2_2026_02_26-20_48_10) by extensions ['colcon_pkg']
[0.156s] Level 1:colcon.colcon_core.package_identification:_identify(grabaciones/rosbag2_2026_02_26-20_48_10) by extension 'colcon_pkg'
[0.156s] Level 1:colcon.colcon_core.package_identification:_identify(grabaciones/rosbag2_2026_02_26-20_48_10) by extensions ['colcon_meta']
[0.156s] Level 1:colcon.colcon_core.package_identification:_identify(grabaciones/rosbag2_2026_02_26-20_48_10) by extension 'colcon_meta'
[0.156s] Level 1:colcon.colcon_core.package_identification:_identify(grabaciones/rosbag2_2026_02_26-20_48_10) by extensions ['ros']
[0.156s] Level 1:colcon.colcon_core.package_identification:_identify(grabaciones/rosbag2_2026_02_26-20_48_10) by extension 'ros'
[0.156s] Level 1:colcon.colcon_core.package_identification:_identify(grabaciones/rosbag2_2026_02_26-20_48_10) by extensions ['cmake', 'python']
[0.156s] Level 1:colcon.colcon_core.package_identification:_identify(grabaciones/rosbag2_2026_02_26-20_48_10) by extension 'cmake'
[0.156s] Level 1:colcon.colcon_core.package_identification:_identify(grabaciones/rosbag2_2026_02_26-20_48_10) by extension 'python'
[0.156s] Level 1:colcon.colcon_core.package_identification:_identify(grabaciones/rosbag2_2026_02_26-20_48_10) by extensions ['python_setup_py']
[0.156s] Level 1:colcon.colcon_core.package_identification:_identify(grabaciones/rosbag2_2026_02_26-20_48_10) by extension 'python_setup_py'
[0.156s] Level 1:colcon.colcon_core.package_identification:_identify(install) by extensions ['ignore', 'ignore_ament_install']
[0.156s] Level 1:colcon.colcon_core.package_identification:_identify(install) by extension 'ignore'
[0.156s] Level 1:colcon.colcon_core.package_identification:_identify(install) ignored
[0.156s] Level 1:colcon.colcon_core.package_identification:_identify(log) by extensions ['ignore', 'ignore_ament_install']
[0.156s] Level 1:colcon.colcon_core.package_identification:_identify(log) by extension 'ignore'
[0.156s] Level 1:colcon.colcon_core.package_identification:_identify(log) ignored
[0.156s] Level 1:colcon.colcon_core.package_identification:_identify(src) by extensions ['ignore', 'ignore_ament_install']
[0.156s] Level 1:colcon.colcon_core.package_identification:_identify(src) by extension 'ignore'
[0.156s] Level 1:colcon.colcon_core.package_identification:_identify(src) by extension 'ignore_ament_install'
[0.156s] Level 1:colcon.colcon_core.package_identification:_identify(src) by extensions ['colcon_pkg']
[0.156s] Level 1:colcon.colcon_core.package_identification:_identify(src) by extension 'colcon_pkg'
[0.156s] Level 1:colcon.colcon_core.package_identification:_identify(src) by extensions ['colcon_meta']
[0.156s] Level 1:colcon.colcon_core.package_identification:_identify(src) by extension 'colcon_meta'
[0.157s] Level 1:colcon.colcon_core.package_identification:_identify(src) by extensions ['ros']
[0.157s] Level 1:colcon.colcon_core.package_identification:_identify(src) by extension 'ros'
[0.157s] Level 1:colcon.colcon_core.package_identification:_identify(src) by extensions ['cmake', 'python']
[0.157s] Level 1:colcon.colcon_core.package_identification:_identify(src) by extension 'cmake'
[0.157s] Level 1:colcon.colcon_core.package_identification:_identify(src) by extension 'python'
[0.157s] Level 1:colcon.colcon_core.package_identification:_identify(src) by extensions ['python_setup_py']
[0.157s] Level 1:colcon.colcon_core.package_identification:_identify(src) by extension 'python_setup_py'
[0.157s] Level 1:colcon.colcon_core.package_identification:_identify(src/down_camera_bot) by extensions ['ignore', 'ignore_ament_install']
[0.157s] Level 1:colcon.colcon_core.package_identification:_identify(src/down_camera_bot) by extension 'ignore'
[0.157s] Level 1:colcon.colcon_core.package_identification:_identify(src/down_camera_bot) by extension 'ignore_ament_install'
[0.157s] Level 1:colcon.colcon_core.package_identification:_identify(src/down_camera_bot) by extensions ['colcon_pkg']
[0.157s] Level 1:colcon.colcon_core.package_identification:_identify(src/down_camera_bot) by extension 'colcon_pkg'
[0.157s] Level 1:colcon.colcon_core.package_identification:_identify(src/down_camera_bot) by extensions ['colcon_meta']
[0.157s] Level 1:colcon.colcon_core.package_identification:_identify(src/down_camera_bot) by extension 'colcon_meta'
[0.157s] Level 1:colcon.colcon_core.package_identification:_identify(src/down_camera_bot) by extensions ['ros']
[0.157s] Level 1:colcon.colcon_core.package_identification:_identify(src/down_camera_bot) by extension 'ros'
[0.162s] DEBUG:colcon.colcon_core.package_identification:Package 'src/down_camera_bot' with type 'ros.ament_cmake' and name 'down_camera_bot'
[0.163s] Level 1:colcon.colcon_core.package_discovery:discover_packages(recursive) using defaults
[0.163s] Level 1:colcon.colcon_core.package_discovery:discover_packages(ignore) discover
[0.163s] Level 1:colcon.colcon_core.package_discovery:discover_packages(ignore) using defaults
[0.163s] Level 1:colcon.colcon_core.package_discovery:discover_packages(path) discover
[0.163s] Level 1:colcon.colcon_core.package_discovery:discover_packages(path) using defaults
[0.177s] Level 1:colcon.colcon_core.package_discovery:discover_packages(prefix_path) check parameters
[0.177s] Level 1:colcon.colcon_core.package_discovery:discover_packages(prefix_path) discover
[0.179s] DEBUG:colcon.colcon_installed_package_information.package_discovery:Found 4 installed packages in /home/jd/ros2_ws/install
[0.179s] DEBUG:colcon.colcon_installed_package_information.package_discovery:Found 0 installed packages in /home/jd/ros2_ws_gazebo/install
[0.180s] DEBUG:colcon.colcon_installed_package_information.package_discovery:Found 317 installed packages in /opt/ros/jazzy
[0.181s] Level 1:colcon.colcon_core.package_discovery:discover_packages(prefix_path) using defaults
[0.220s] Level 5:colcon.colcon_core.verb:set package 'down_camera_bot' build argument 'cmake_args' from command line to 'None'
[0.220s] Level 5:colcon.colcon_core.verb:set package 'down_camera_bot' build argument 'cmake_target' from command line to 'None'
[0.220s] Level 5:colcon.colcon_core.verb:set package 'down_camera_bot' build argument 'cmake_target_skip_unavailable' from command line to 'False'
[0.220s] Level 5:colcon.colcon_core.verb:set package 'down_camera_bot' build argument 'cmake_clean_cache' from command line to 'False'
[0.220s] Level 5:colcon.colcon_core.verb:set package 'down_camera_bot' build argument 'cmake_clean_first' from command line to 'False'
[0.220s] Level 5:colcon.colcon_core.verb:set package 'down_camera_bot' build argument 'cmake_force_configure' from command line to 'False'
[0.220s] Level 5:colcon.colcon_core.verb:set package 'down_camera_bot' build argument 'ament_cmake_args' from command line to 'None'
[0.220s] Level 5:colcon.colcon_core.verb:set package 'down_camera_bot' build argument 'catkin_cmake_args' from command line to 'None'
[0.220s] Level 5:colcon.colcon_core.verb:set package 'down_camera_bot' build argument 'catkin_skip_building_tests' from command line to 'False'
[0.220s] DEBUG:colcon.colcon_core.verb:Building package 'down_camera_bot' with the following arguments: {'ament_cmake_args': None, 'build_base': '/home/jd/ros2_ws_gazebo/build/down_camera_bot', 'catkin_cmake_args': None, 'catkin_skip_building_tests': False, 'cmake_args': None, 'cmake_clean_cache': False, 'cmake_clean_first': False, 'cmake_force_configure': False, 'cmake_target': None, 'cmake_target_skip_unavailable': False, 'install_base': '/home/jd/ros2_ws_gazebo/install/down_camera_bot', 'merge_install': False, 'path': '/home/jd/ros2_ws_gazebo/src/down_camera_bot', 'symlink_install': False, 'test_result_base': None}
[0.220s] INFO:colcon.colcon_core.executor:Executing jobs using 'parallel' executor
[0.221s] DEBUG:colcon.colcon_parallel_executor.executor.parallel:run_until_complete
[0.221s] INFO:colcon.colcon_ros.task.ament_cmake.build:Building ROS package in '/home/jd/ros2_ws_gazebo/src/down_camera_bot' with build type 'ament_cmake'
[0.221s] INFO:colcon.colcon_cmake.task.cmake.build:Building CMake package in '/home/jd/ros2_ws_gazebo/src/down_camera_bot'
[0.224s] INFO:colcon.colcon_core.plugin_system:Skipping extension 'colcon_core.shell.bat': Not used on non-Windows systems
[0.224s] INFO:colcon.colcon_core.shell:Skip shell extension 'powershell' for command environment: Not usable outside of PowerShell
[0.224s] DEBUG:colcon.colcon_core.shell:Skip shell extension 'dsv' for command environment
[0.239s] DEBUG:colcon.colcon_core.event_handler.log_command:Invoking command in '/home/jd/ros2_ws_gazebo/build/down_camera_bot': CMAKE_PREFIX_PATH=${CMAKE_PREFIX_PATH}:/opt/ros/jazzy DEBUGINFOD_URLS=https://debuginfod.ubuntu.com /usr/bin/cmake /home/jd/ros2_ws_gazebo/src/down_camera_bot -DCMAKE_INSTALL_PREFIX=/home/jd/ros2_ws_gazebo/install/down_camera_bot
[2.062s] DEBUG:colcon.colcon_core.event_handler.log_command:Invoked command in '/home/jd/ros2_ws_gazebo/build/down_camera_bot' returned '0': CMAKE_PREFIX_PATH=${CMAKE_PREFIX_PATH}:/opt/ros/jazzy DEBUGINFOD_URLS=https://debuginfod.ubuntu.com /usr/bin/cmake /home/jd/ros2_ws_gazebo/src/down_camera_bot -DCMAKE_INSTALL_PREFIX=/home/jd/ros2_ws_gazebo/install/down_camera_bot
[2.064s] DEBUG:colcon.colcon_core.event_handler.log_command:Invoking command in '/home/jd/ros2_ws_gazebo/build/down_camera_bot': CMAKE_PREFIX_PATH=${CMAKE_PREFIX_PATH}:/opt/ros/jazzy DEBUGINFOD_URLS=https://debuginfod.ubuntu.com /usr/bin/cmake --build /home/jd/ros2_ws_gazebo/build/down_camera_bot -- -j16 -l16
[2.136s] DEBUG:colcon.colcon_core.event_handler.log_command:Invoked command in '/home/jd/ros2_ws_gazebo/build/down_camera_bot' returned '0': CMAKE_PREFIX_PATH=${CMAKE_PREFIX_PATH}:/opt/ros/jazzy DEBUGINFOD_URLS=https://debuginfod.ubuntu.com /usr/bin/cmake --build /home/jd/ros2_ws_gazebo/build/down_camera_bot -- -j16 -l16
[2.160s] DEBUG:colcon.colcon_core.event_handler.log_command:Invoking command in '/home/jd/ros2_ws_gazebo/build/down_camera_bot': CMAKE_PREFIX_PATH=${CMAKE_PREFIX_PATH}:/opt/ros/jazzy DEBUGINFOD_URLS=https://debuginfod.ubuntu.com /usr/bin/cmake --install /home/jd/ros2_ws_gazebo/build/down_camera_bot
[2.179s] Level 1:colcon.colcon_core.environment:create_environment_scripts_only(down_camera_bot)
[2.180s] DEBUG:colcon.colcon_core.event_handler.log_command:Invoked command in '/home/jd/ros2_ws_gazebo/build/down_camera_bot' returned '0': CMAKE_PREFIX_PATH=${CMAKE_PREFIX_PATH}:/opt/ros/jazzy DEBUGINFOD_URLS=https://debuginfod.ubuntu.com /usr/bin/cmake --install /home/jd/ros2_ws_gazebo/build/down_camera_bot
[2.184s] Level 1:colcon.colcon_core.environment:checking '/home/jd/ros2_ws_gazebo/install/down_camera_bot' for CMake module files
[2.185s] Level 1:colcon.colcon_core.environment:checking '/home/jd/ros2_ws_gazebo/install/down_camera_bot' for CMake config files
[2.185s] Level 1:colcon.colcon_core.shell:create_environment_hook('down_camera_bot', 'cmake_prefix_path')
[2.186s] INFO:colcon.colcon_core.shell:Creating environment hook '/home/jd/ros2_ws_gazebo/install/down_camera_bot/share/down_camera_bot/hook/cmake_prefix_path.ps1'
[2.187s] INFO:colcon.colcon_core.shell:Creating environment descriptor '/home/jd/ros2_ws_gazebo/install/down_camera_bot/share/down_camera_bot/hook/cmake_prefix_path.dsv'
[2.189s] INFO:colcon.colcon_core.shell:Creating environment hook '/home/jd/ros2_ws_gazebo/install/down_camera_bot/share/down_camera_bot/hook/cmake_prefix_path.sh'
[2.190s] Level 1:colcon.colcon_core.environment:checking '/home/jd/ros2_ws_gazebo/install/down_camera_bot/bin'
[2.191s] Level 1:colcon.colcon_core.environment:checking '/home/jd/ros2_ws_gazebo/install/down_camera_bot/lib/pkgconfig/down_camera_bot.pc'
[2.191s] Level 1:colcon.colcon_core.environment:checking '/home/jd/ros2_ws_gazebo/install/down_camera_bot/lib/python3.12/site-packages'
[2.192s] Level 1:colcon.colcon_core.environment:checking '/home/jd/ros2_ws_gazebo/install/down_camera_bot/bin'
[2.192s] INFO:colcon.colcon_core.shell:Creating package script '/home/jd/ros2_ws_gazebo/install/down_camera_bot/share/down_camera_bot/package.ps1'
[2.194s] INFO:colcon.colcon_core.shell:Creating package descriptor '/home/jd/ros2_ws_gazebo/install/down_camera_bot/share/down_camera_bot/package.dsv'
[2.195s] INFO:colcon.colcon_core.shell:Creating package script '/home/jd/ros2_ws_gazebo/install/down_camera_bot/share/down_camera_bot/package.sh'
[2.197s] INFO:colcon.colcon_core.shell:Creating package script '/home/jd/ros2_ws_gazebo/install/down_camera_bot/share/down_camera_bot/package.bash'
[2.198s] INFO:colcon.colcon_core.shell:Creating package script '/home/jd/ros2_ws_gazebo/install/down_camera_bot/share/down_camera_bot/package.zsh'
[2.199s] Level 1:colcon.colcon_core.environment:create_file_with_runtime_dependencies(/home/jd/ros2_ws_gazebo/install/down_camera_bot/share/colcon-core/packages/down_camera_bot)
[2.200s] Level 1:colcon.colcon_core.environment:create_environment_scripts_only(down_camera_bot)
[2.201s] Level 1:colcon.colcon_core.environment:checking '/home/jd/ros2_ws_gazebo/install/down_camera_bot' for CMake module files
[2.202s] Level 1:colcon.colcon_core.environment:checking '/home/jd/ros2_ws_gazebo/install/down_camera_bot' for CMake config files
[2.202s] Level 1:colcon.colcon_core.shell:create_environment_hook('down_camera_bot', 'cmake_prefix_path')
[2.203s] INFO:colcon.colcon_core.shell:Creating environment hook '/home/jd/ros2_ws_gazebo/install/down_camera_bot/share/down_camera_bot/hook/cmake_prefix_path.ps1'
[2.203s] INFO:colcon.colcon_core.shell:Creating environment descriptor '/home/jd/ros2_ws_gazebo/install/down_camera_bot/share/down_camera_bot/hook/cmake_prefix_path.dsv'
[2.204s] INFO:colcon.colcon_core.shell:Creating environment hook '/home/jd/ros2_ws_gazebo/install/down_camera_bot/share/down_camera_bot/hook/cmake_prefix_path.sh'
[2.205s] Level 1:colcon.colcon_core.environment:checking '/home/jd/ros2_ws_gazebo/install/down_camera_bot/bin'
[2.206s] Level 1:colcon.colcon_core.environment:checking '/home/jd/ros2_ws_gazebo/install/down_camera_bot/lib/pkgconfig/down_camera_bot.pc'
[2.206s] Level 1:colcon.colcon_core.environment:checking '/home/jd/ros2_ws_gazebo/install/down_camera_bot/lib/python3.12/site-packages'
[2.207s] Level 1:colcon.colcon_core.environment:checking '/home/jd/ros2_ws_gazebo/install/down_camera_bot/bin'
[2.207s] INFO:colcon.colcon_core.shell:Creating package script '/home/jd/ros2_ws_gazebo/install/down_camera_bot/share/down_camera_bot/package.ps1'
[2.208s] INFO:colcon.colcon_core.shell:Creating package descriptor '/home/jd/ros2_ws_gazebo/install/down_camera_bot/share/down_camera_bot/package.dsv'
[2.209s] INFO:colcon.colcon_core.shell:Creating package script '/home/jd/ros2_ws_gazebo/install/down_camera_bot/share/down_camera_bot/package.sh'
[2.210s] INFO:colcon.colcon_core.shell:Creating package script '/home/jd/ros2_ws_gazebo/install/down_camera_bot/share/down_camera_bot/package.bash'
[2.211s] INFO:colcon.colcon_core.shell:Creating package script '/home/jd/ros2_ws_gazebo/install/down_camera_bot/share/down_camera_bot/package.zsh'
[2.212s] Level 1:colcon.colcon_core.environment:create_file_with_runtime_dependencies(/home/jd/ros2_ws_gazebo/install/down_camera_bot/share/colcon-core/packages/down_camera_bot)
[2.212s] DEBUG:colcon.colcon_parallel_executor.executor.parallel:closing loop
[2.213s] DEBUG:colcon.colcon_parallel_executor.executor.parallel:loop closed
[2.213s] DEBUG:colcon.colcon_parallel_executor.executor.parallel:run_until_complete finished with '0'
[2.213s] DEBUG:colcon.colcon_core.event_reactor:joining thread
[2.226s] INFO:colcon.colcon_core.plugin_system:Skipping extension 'colcon_notification.desktop_notification.terminal_notifier': Not used on non-Darwin systems
[2.226s] INFO:colcon.colcon_core.plugin_system:Skipping extension 'colcon_notification.desktop_notification.win32': Not used on non-Windows systems
[2.226s] INFO:colcon.colcon_notification.desktop_notification:Sending desktop notification using 'notify2'
[2.259s] DEBUG:colcon.colcon_core.event_reactor:joined thread
[2.259s] INFO:colcon.colcon_core.shell:Creating prefix script '/home/jd/ros2_ws_gazebo/install/local_setup.ps1'
[2.261s] INFO:colcon.colcon_core.shell:Creating prefix util module '/home/jd/ros2_ws_gazebo/install/_local_setup_util_ps1.py'
[2.264s] INFO:colcon.colcon_core.shell:Creating prefix chain script '/home/jd/ros2_ws_gazebo/install/setup.ps1'
[2.267s] INFO:colcon.colcon_core.shell:Creating prefix script '/home/jd/ros2_ws_gazebo/install/local_setup.sh'
[2.268s] INFO:colcon.colcon_core.shell:Creating prefix util module '/home/jd/ros2_ws_gazebo/install/_local_setup_util_sh.py'
[2.270s] INFO:colcon.colcon_core.shell:Creating prefix chain script '/home/jd/ros2_ws_gazebo/install/setup.sh'
[2.272s] INFO:colcon.colcon_core.shell:Creating prefix script '/home/jd/ros2_ws_gazebo/install/local_setup.bash'
[2.274s] INFO:colcon.colcon_core.shell:Creating prefix chain script '/home/jd/ros2_ws_gazebo/install/setup.bash'
[2.276s] INFO:colcon.colcon_core.shell:Creating prefix script '/home/jd/ros2_ws_gazebo/install/local_setup.zsh'
[2.278s] INFO:colcon.colcon_core.shell:Creating prefix chain script '/home/jd/ros2_ws_gazebo/install/setup.zsh'
