[0.014s] Invoking command in '/home/jd/ros2_ws_gazebo/build/down_camera_bot': CMAKE_PREFIX_PATH=${CMAKE_PREFIX_PATH}:/opt/ros/jazzy DEBUGINFOD_URLS=https://debuginfod.ubuntu.com /usr/bin/cmake --build /home/jd/ros2_ws_gazebo/build/down_camera_bot -- -j16 -l16
[0.076s] Invoked command in '/home/jd/ros2_ws_gazebo/build/down_camera_bot' returned '0': CMAKE_PREFIX_PATH=${CMAKE_PREFIX_PATH}:/opt/ros/jazzy DEBUGINFOD_URLS=https://debuginfod.ubuntu.com /usr/bin/cmake --build /home/jd/ros2_ws_gazebo/build/down_camera_bot -- -j16 -l16
[0.100s] Invoking command in '/home/jd/ros2_ws_gazebo/build/down_camera_bot': CMAKE_PREFIX_PATH=${CMAKE_PREFIX_PATH}:/opt/ros/jazzy DEBUGINFOD_URLS=https://debuginfod.ubuntu.com /usr/bin/cmake --install /home/jd/ros2_ws_gazebo/build/down_camera_bot
[0.111s] -- Install configuration: ""
[0.111s] -- Up-to-date: /home/jd/ros2_ws_gazebo/install/down_camera_bot/share/down_camera_bot/launch
[0.112s] -- Up-to-date: /home/jd/ros2_ws_gazebo/install/down_camera_bot/share/down_camera_bot/launch/spawn.launch.py
[0.112s] -- Up-to-date: /home/jd/ros2_ws_gazebo/install/down_camera_bot/share/down_camera_bot/urdf
[0.112s] -- Up-to-date: /home/jd/ros2_ws_gazebo/install/down_camera_bot/share/down_camera_bot/urdf/cubo_camara.urdf
[0.112s] -- Up-to-date: /home/jd/ros2_ws_gazebo/install/down_camera_bot/share/down_camera_bot/worlds
[0.112s] -- Installing: /home/jd/ros2_ws_gazebo/install/down_camera_bot/share/down_camera_bot/worlds/camera.sdf
[0.112s] -- Up-to-date: /home/jd/ros2_ws_gazebo/install/down_camera_bot/share/ament_index/resource_index/package_run_dependencies/down_camera_bot
[0.113s] -- Up-to-date: /home/jd/ros2_ws_gazebo/install/down_camera_bot/share/ament_index/resource_index/parent_prefix_path/down_camera_bot
[0.113s] -- Up-to-date: /home/jd/ros2_ws_gazebo/install/down_camera_bot/share/down_camera_bot/environment/ament_prefix_path.sh
[0.113s] -- Up-to-date: /home/jd/ros2_ws_gazebo/install/down_camera_bot/share/down_camera_bot/environment/ament_prefix_path.dsv
[0.113s] -- Up-to-date: /home/jd/ros2_ws_gazebo/install/down_camera_bot/share/down_camera_bot/environment/path.sh
[0.113s] -- Up-to-date: /home/jd/ros2_ws_gazebo/install/down_camera_bot/share/down_camera_bot/environment/path.dsv
[0.113s] -- Up-to-date: /home/jd/ros2_ws_gazebo/install/down_camera_bot/share/down_camera_bot/local_setup.bash
[0.114s] -- Up-to-date: /home/jd/ros2_ws_gazebo/install/down_camera_bot/share/down_camera_bot/local_setup.sh
[0.114s] -- Up-to-date: /home/jd/ros2_ws_gazebo/install/down_camera_bot/share/down_camera_bot/local_setup.zsh
[0.114s] -- Up-to-date: /home/jd/ros2_ws_gazebo/install/down_camera_bot/share/down_camera_bot/local_setup.dsv
[0.114s] -- Installing: /home/jd/ros2_ws_gazebo/install/down_camera_bot/share/down_camera_bot/package.dsv
[0.114s] -- Up-to-date: /home/jd/ros2_ws_gazebo/install/down_camera_bot/share/ament_index/resource_index/packages/down_camera_bot
[0.114s] -- Up-to-date: /home/jd/ros2_ws_gazebo/install/down_camera_bot/share/down_camera_bot/cmake/down_camera_botConfig.cmake
[0.114s] -- Up-to-date: /home/jd/ros2_ws_gazebo/install/down_camera_bot/share/down_camera_bot/cmake/down_camera_botConfig-version.cmake
[0.115s] -- Up-to-date: /home/jd/ros2_ws_gazebo/install/down_camera_bot/share/down_camera_bot/package.xml
[0.116s] Invoked command in '/home/jd/ros2_ws_gazebo/build/down_camera_bot' returned '0': CMAKE_PREFIX_PATH=${CMAKE_PREFIX_PATH}:/opt/ros/jazzy DEBUGINFOD_URLS=https://debuginfod.ubuntu.com /usr/bin/cmake --install /home/jd/ros2_ws_gazebo/build/down_camera_bot
